$ git push heroku master
Counting objects: 753, done.
Delta compression using up to 4 threads.
Compressing objects: 100% (681/681), done.
Writing objects: 100% (753/753), 134.98 MiB | 574.00 KiB/s, done.
Total 753 (delta 118), reused 0 (delta 0)
remote: Compressing source files... done.
remote: Building source:
remote:
remote: -----> Node.js app detected
remote: parse error: Invalid numeric literal at line 8, column 19
remote: parse error: Invalid numeric literal at line 8, column 19
remote: parse error: Invalid numeric literal at line 8, column 19
remote: parse error: Invalid numeric literal at line 8, column 19
remote:
remote:        Node engine:         unspecified
remote:        Npm engine:          unspecified
remote:        Start mechanism:     none
remote:        node_modules source: prebuilt
remote:        node_modules cached: false
remote:
remote:        NPM_CONFIG_PRODUCTION=true
remote:        NODE_MODULES_CACHE=true
remote:
remote: -----> Installing binaries
remote:        Resolving node version (latest stable) via semver.io...
remote:        Downloading and installing node 0.10.35...
remote:        Using default npm version: 1.4.28
remote:
remote: -----> Building dependencies
remote:        Rebuilding any native modules for this architecture
remote:        grunt@0.4.5 /tmp/build_cab22219f74a3e21f28a6ad3c75b5d32/node_modu
les/grunt
remote:        async@0.1.22 /tmp/build_cab22219f74a3e21f28a6ad3c75b5d32/node_mod
ules/grunt/node_modules/async
remote:        coffee-script@1.3.3 /tmp/build_cab22219f74a3e21f28a6ad3c75b5d32/n
ode_modules/grunt/node_modules/coffee-script
remote:        colors@0.6.2 /tmp/build_cab22219f74a3e21f28a6ad3c75b5d32/node_mod
ules/grunt/node_modules/colors
remote:        dateformat@1.0.2-1.2.3 /tmp/build_cab22219f74a3e21f28a6ad3c75b5d3
2/node_modules/grunt/node_modules/dateformat
remote:        eventemitter2@0.4.14 /tmp/build_cab22219f74a3e21f28a6ad3c75b5d32/
node_modules/grunt/node_modules/eventemitter2
remote:        findup-sync@0.1.3 /tmp/build_cab22219f74a3e21f28a6ad3c75b5d32/nod
e_modules/grunt/node_modules/findup-sync
remote:        glob@3.2.11 /tmp/build_cab22219f74a3e21f28a6ad3c75b5d32/node_modu
les/grunt/node_modules/findup-sync/node_modules/glob
remote:        inherits@2.0.1 /tmp/build_cab22219f74a3e21f28a6ad3c75b5d32/node_m
odules/grunt/node_modules/findup-sync/node_modules/glob/node_modules/inherits
remote:        minimatch@0.3.0 /tmp/build_cab22219f74a3e21f28a6ad3c75b5d32/node_
modules/grunt/node_modules/findup-sync/node_modules/glob/node_modules/minimatch
remote:        lru-cache@2.5.0 /tmp/build_cab22219f74a3e21f28a6ad3c75b5d32/node_
modules/grunt/node_modules/findup-sync/node_modules/glob/node_modules/minimatch/
node_modules/lru-cache
remote:        sigmund@1.0.0 /tmp/build_cab22219f74a3e21f28a6ad3c75b5d32/node_mo
dules/grunt/node_modules/findup-sync/node_modules/glob/node_modules/minimatch/no
de_modules/sigmund
remote:        lodash@2.4.1 /tmp/build_cab22219f74a3e21f28a6ad3c75b5d32/node_mod
ules/grunt/node_modules/findup-sync/node_modules/lodash
remote:        glob@3.1.21 /tmp/build_cab22219f74a3e21f28a6ad3c75b5d32/node_modu
les/grunt/node_modules/glob
remote:        minimatch@0.2.14 /tmp/build_cab22219f74a3e21f28a6ad3c75b5d32/node
_modules/grunt/node_modules/minimatch
remote:        lru-cache@2.5.0 /tmp/build_cab22219f74a3e21f28a6ad3c75b5d32/node_
modules/grunt/node_modules/minimatch/node_modules/lru-cache
remote:        sigmund@1.0.0 /tmp/build_cab22219f74a3e21f28a6ad3c75b5d32/node_mo
dules/grunt/node_modules/minimatch/node_modules/sigmund
remote:        graceful-fs@1.2.3 /tmp/build_cab22219f74a3e21f28a6ad3c75b5d32/nod
e_modules/grunt/node_modules/glob/node_modules/graceful-fs
remote:        inherits@1.0.0 /tmp/build_cab22219f74a3e21f28a6ad3c75b5d32/node_m
odules/grunt/node_modules/glob/node_modules/inherits
remote:        hooker@0.2.3 /tmp/build_cab22219f74a3e21f28a6ad3c75b5d32/node_mod
ules/grunt/node_modules/hooker
remote:        iconv-lite@0.2.11 /tmp/build_cab22219f74a3e21f28a6ad3c75b5d32/nod
e_modules/grunt/node_modules/iconv-lite
remote:        nopt@1.0.10 /tmp/build_cab22219f74a3e21f28a6ad3c75b5d32/node_modu
les/grunt/node_modules/nopt
remote:        abbrev@1.0.5 /tmp/build_cab22219f74a3e21f28a6ad3c75b5d32/node_mod
ules/grunt/node_modules/nopt/node_modules/abbrev
remote:        rimraf@2.2.8 /tmp/build_cab22219f74a3e21f28a6ad3c75b5d32/node_mod
ules/grunt/node_modules/rimraf
remote:        lodash@0.9.2 /tmp/build_cab22219f74a3e21f28a6ad3c75b5d32/node_mod
ules/grunt/node_modules/lodash
remote:        underscore.string@2.2.1 /tmp/build_cab22219f74a3e21f28a6ad3c75b5d
32/node_modules/grunt/node_modules/underscore.string
remote:        which@1.0.8 /tmp/build_cab22219f74a3e21f28a6ad3c75b5d32/node_modu
les/grunt/node_modules/which
remote:        js-yaml@2.0.5 /tmp/build_cab22219f74a3e21f28a6ad3c75b5d32/node_mo
dules/grunt/node_modules/js-yaml
remote:        argparse@0.1.16 /tmp/build_cab22219f74a3e21f28a6ad3c75b5d32/node_
modules/grunt/node_modules/js-yaml/node_modules/argparse
remote:        underscore@1.7.0 /tmp/build_cab22219f74a3e21f28a6ad3c75b5d32/node
_modules/grunt/node_modules/js-yaml/node_modules/argparse/node_modules/underscor
e
remote:        underscore.string@2.4.0 /tmp/build_cab22219f74a3e21f28a6ad3c75b5d
32/node_modules/grunt/node_modules/js-yaml/node_modules/argparse/node_modules/un
derscore.string
remote:        esprima@1.0.4 /tmp/build_cab22219f74a3e21f28a6ad3c75b5d32/node_mo
dules/grunt/node_modules/js-yaml/node_modules/esprima
remote:        exit@0.1.2 /tmp/build_cab22219f74a3e21f28a6ad3c75b5d32/node_modul
es/grunt/node_modules/exit
remote:        getobject@0.1.0 /tmp/build_cab22219f74a3e21f28a6ad3c75b5d32/node_
modules/grunt/node_modules/getobject
remote:        grunt-legacy-util@0.2.0 /tmp/build_cab22219f74a3e21f28a6ad3c75b5d
32/node_modules/grunt/node_modules/grunt-legacy-util
remote:        grunt-legacy-log@0.1.1 /tmp/build_cab22219f74a3e21f28a6ad3c75b5d3
2/node_modules/grunt/node_modules/grunt-legacy-log
remote:        lodash@2.4.1 /tmp/build_cab22219f74a3e21f28a6ad3c75b5d32/node_mod
ules/grunt/node_modules/grunt-legacy-log/node_modules/lodash
remote:        underscore.string@2.3.3 /tmp/build_cab22219f74a3e21f28a6ad3c75b5d
32/node_modules/grunt/node_modules/grunt-legacy-log/node_modules/underscore.stri
ng
remote:        grunt-cli@0.1.13 /tmp/build_cab22219f74a3e21f28a6ad3c75b5d32/node
_modules/grunt-cli
remote:        nopt@1.0.10 /tmp/build_cab22219f74a3e21f28a6ad3c75b5d32/node_modu
les/grunt-cli/node_modules/nopt
remote:        abbrev@1.0.5 /tmp/build_cab22219f74a3e21f28a6ad3c75b5d32/node_mod
ules/grunt-cli/node_modules/nopt/node_modules/abbrev
remote:        findup-sync@0.1.3 /tmp/build_cab22219f74a3e21f28a6ad3c75b5d32/nod
e_modules/grunt-cli/node_modules/findup-sync
remote:        glob@3.2.11 /tmp/build_cab22219f74a3e21f28a6ad3c75b5d32/node_modu
les/grunt-cli/node_modules/findup-sync/node_modules/glob
remote:        inherits@2.0.1 /tmp/build_cab22219f74a3e21f28a6ad3c75b5d32/node_m
odules/grunt-cli/node_modules/findup-sync/node_modules/glob/node_modules/inherit
s
remote:        minimatch@0.3.0 /tmp/build_cab22219f74a3e21f28a6ad3c75b5d32/node_
modules/grunt-cli/node_modules/findup-sync/node_modules/glob/node_modules/minima
tch
remote:        lru-cache@2.5.0 /tmp/build_cab22219f74a3e21f28a6ad3c75b5d32/node_
modules/grunt-cli/node_modules/findup-sync/node_modules/glob/node_modules/minima
tch/node_modules/lru-cache
remote:        sigmund@1.0.0 /tmp/build_cab22219f74a3e21f28a6ad3c75b5d32/node_mo
dules/grunt-cli/node_modules/findup-sync/node_modules/glob/node_modules/minimatc
h/node_modules/sigmund
remote:        lodash@2.4.1 /tmp/build_cab22219f74a3e21f28a6ad3c75b5d32/node_mod
ules/grunt-cli/node_modules/findup-sync/node_modules/lodash
remote:        resolve@0.3.1 /tmp/build_cab22219f74a3e21f28a6ad3c75b5d32/node_mo
dules/grunt-cli/node_modules/resolve
remote:        Installing any new modules
remote:        npm ERR! install Couldn't read dependencies
remote:        npm ERR! Failed to parse json
remote:        npm ERR! Unexpected token
remote:        npm ERR!
remote:        npm ERR! File: /tmp/build_cab22219f74a3e21f28a6ad3c75b5d32/packag
e.json
remote:        npm ERR! Failed to parse package.json data.
remote:        npm ERR! package.json must be actual JSON, not just JavaScript.
remote:        npm ERR!
remote:        npm ERR! This is not a bug in npm.
remote:        npm ERR! Tell the package author to fix their package.json file.
JSON.parse
remote:
remote:        npm ERR! System Linux 3.8.11-ec2
remote:        npm ERR! command "/tmp/build_cab22219f74a3e21f28a6ad3c75b5d32/.he
roku/node/bin/node" "/tmp/build_cab22219f74a3e21f28a6ad3c75b5d32/.heroku/node/bi
n/npm" "install" "--quiet" "--userconfig" "/tmp/build_cab22219f74a3e21f28a6ad3c7
5b5d32/.npmrc"
remote:        npm ERR! cwd /tmp/build_cab22219f74a3e21f28a6ad3c75b5d32
remote:        npm ERR! node -v v0.10.35
remote:        npm ERR! npm -v 1.4.28
remote:        npm ERR! file /tmp/build_cab22219f74a3e21f28a6ad3c75b5d32/package
.json
remote:        npm ERR! code EJSONPARSE
remote:        npm ERR!
remote:        npm ERR! Additional logging details can be found in:
remote:        npm ERR!     /tmp/build_cab22219f74a3e21f28a6ad3c75b5d32/npm-debu
g.log
remote:        npm ERR! not ok code 0
remote:
remote: -----> Build failed
remote:
remote:        WARNING: Node version not specified in package.json
remote:        https://devcenter.heroku.com/articles/nodejs-support#specifying-a
-node-js-version
remote:
remote:        WARNING: Avoid checking node_modules into source control
remote:        https://www.npmjs.org/doc/misc/npm-faq.html#should-i-check-my-nod
e_modules-folder-into-git-
remote:
remote:        We're sorry this build is failing! If you can't find the issue in
 application code,
remote:        please submit a ticket so we can help: https://help.heroku.com/
remote:        You can also try reverting to our legacy Node.js buildpack:
remote:        heroku config:set BUILDPACK_URL=https://github.com/heroku/heroku-
buildpack-nodejs#v63
remote:
remote:        Love,
remote:        Heroku
remote:
remote:  !     Push rejected, failed to compile Node.js app
remote:
remote: Verifying deploy...
remote:
remote: !       Push rejected to guarded-refuge-6469.
remote:
To https://git.heroku.com/guarded-refuge-6469.git
 ! [remote rejected] master -> master (pre-receive hook declined)
error: failed to push some refs to 'https://git.heroku.com/guarded-refuge-6469.g
it'